
=== Tue Jun 21 14:46:24 2022

Packages were changed.
Update Mode: updateDependencies

The following packages were updated:
  com.unity.cinemachine from version 2.7.9 to 2.8.4
  com.unity.collab-proxy from version 1.9.0 to 1.15.17
  com.unity.ide.rider from version 3.0.7 to 3.0.14
  com.unity.ide.visualstudio from version 2.0.14 to 2.0.15
  com.unity.ide.vscode from version 1.2.4 to 1.2.5
  com.unity.inputsystem from version 1.0.2 to 1.3.0
  com.unity.recorder from version 2.5.7 to 3.0.3
  com.unity.render-pipelines.high-definition from version 11.0.0 to 12.1.7
  com.unity.render-pipelines.universal from version 11.0.0 to 12.1.7
  com.unity.test-framework from version 1.1.29 to 1.1.31
  com.unity.timeline from version 1.5.6 to 1.6.4
  com.unity.visualscripting from version 1.6.1 to 1.7.8

=== Sun Jul 24 07:37:50 2022

Packages were changed.
Update Mode: updateDependencies

The following packages were updated:
  com.unity.cinemachine from version 2.8.4 to 2.8.6
  com.unity.collab-proxy from version 1.15.17 to 1.15.18
  com.unity.ide.rider from version 3.0.14 to 3.0.15
  com.unity.ide.visualstudio from version 2.0.15 to 2.0.16
